<?xml version="1.0" encoding="UTF-8"?>
<!-- Generated by org.testng.reporters.JUnitXMLReporter -->
<testsuite ignored="0" hostname="ROGxTHOR" failures="0" tests="9" name="Default test" time="100.906" errors="0" timestamp="2024-11-08T10:36:36 IST">
  <testcase classname="testpkg.Pinteresttest" name="titleverification" time="0.112"/>
  <testcase classname="testpkg.Pinteresttest" name="lvalues" time="3.27"/>
  <testcase classname="testpkg.Pinteresttest" name="schfunction" time="10.302"/>
  <testcase classname="testpkg.Pinteresttest" name="imgdwnld" time="6.052"/>
  <testcase classname="testpkg.Pinteresttest" name="exploreOption" time="11.513"/>
  <testcase classname="testpkg.Pinteresttest" name="createpostoption" time="4.378"/>
  <testcase classname="testpkg.Pinteresttest" name="notifiandmsg" time="10.936"/>
  <testcase classname="testpkg.Pinteresttest" name="userprfle" time="32.087"/>
  <testcase classname="testpkg.Pinteresttest" name="logoutfunction" time="16.307"/>
</testsuite> <!-- Default test -->
