<?xml version="1.0" encoding="UTF-8"?>
<testng-results ignored="0" total="9" passed="9" failed="0" skipped="0">
  <reporter-output>
  </reporter-output>
  <suite started-at="2024-11-08T10:34:55 IST" name="Default suite" finished-at="2024-11-08T10:36:36 IST" duration-ms="100906">
    <groups>
    </groups>
    <test started-at="2024-11-08T10:34:55 IST" name="Default test" finished-at="2024-11-08T10:36:36 IST" duration-ms="100906">
      <class name="testpkg.Pinteresttest">
        <test-method is-config="true" signature="setup()[pri:0, instance:testpkg.Pinteresttest@5149d738]" started-at="2024-11-08T10:34:55 IST" name="setup" finished-at="2024-11-08T10:35:01 IST" duration-ms="5147" status="PASS">
          <reporter-output>
          </reporter-output>
        </test-method> <!-- setup -->
        <test-method signature="titleverification()[pri:1, instance:testpkg.Pinteresttest@5149d738]" started-at="2024-11-08T10:35:01 IST" name="titleverification" finished-at="2024-11-08T10:35:01 IST" duration-ms="112" status="PASS">
          <reporter-output>
          </reporter-output>
        </test-method> <!-- titleverification -->
        <test-method signature="lvalues()[pri:2, instance:testpkg.Pinteresttest@5149d738]" started-at="2024-11-08T10:35:01 IST" name="lvalues" finished-at="2024-11-08T10:35:04 IST" duration-ms="3270" status="PASS">
          <reporter-output>
          </reporter-output>
        </test-method> <!-- lvalues -->
        <test-method signature="schfunction()[pri:3, instance:testpkg.Pinteresttest@5149d738]" started-at="2024-11-08T10:35:04 IST" name="schfunction" finished-at="2024-11-08T10:35:14 IST" duration-ms="10302" status="PASS">
          <reporter-output>
          </reporter-output>
        </test-method> <!-- schfunction -->
        <test-method signature="imgdwnld()[pri:4, instance:testpkg.Pinteresttest@5149d738]" started-at="2024-11-08T10:35:14 IST" name="imgdwnld" finished-at="2024-11-08T10:35:20 IST" duration-ms="6052" status="PASS">
          <reporter-output>
          </reporter-output>
        </test-method> <!-- imgdwnld -->
        <test-method signature="exploreOption()[pri:5, instance:testpkg.Pinteresttest@5149d738]" started-at="2024-11-08T10:35:20 IST" name="exploreOption" finished-at="2024-11-08T10:35:32 IST" duration-ms="11513" status="PASS">
          <reporter-output>
          </reporter-output>
        </test-method> <!-- exploreOption -->
        <test-method signature="createpostoption()[pri:6, instance:testpkg.Pinteresttest@5149d738]" started-at="2024-11-08T10:35:32 IST" name="createpostoption" finished-at="2024-11-08T10:35:36 IST" duration-ms="4378" status="PASS">
          <reporter-output>
          </reporter-output>
        </test-method> <!-- createpostoption -->
        <test-method signature="notifiandmsg()[pri:7, instance:testpkg.Pinteresttest@5149d738]" started-at="2024-11-08T10:35:36 IST" name="notifiandmsg" finished-at="2024-11-08T10:35:47 IST" duration-ms="10936" status="PASS">
          <reporter-output>
          </reporter-output>
        </test-method> <!-- notifiandmsg -->
        <test-method signature="userprfle()[pri:8, instance:testpkg.Pinteresttest@5149d738]" started-at="2024-11-08T10:35:47 IST" name="userprfle" finished-at="2024-11-08T10:36:19 IST" duration-ms="32087" status="PASS">
          <reporter-output>
          </reporter-output>
        </test-method> <!-- userprfle -->
        <test-method signature="logoutfunction()[pri:9, instance:testpkg.Pinteresttest@5149d738]" started-at="2024-11-08T10:36:19 IST" name="logoutfunction" finished-at="2024-11-08T10:36:36 IST" duration-ms="16307" status="PASS">
          <reporter-output>
          </reporter-output>
        </test-method> <!-- logoutfunction -->
        <test-method is-config="true" signature="teardown()[pri:0, instance:testpkg.Pinteresttest@5149d738]" started-at="2024-11-08T10:36:36 IST" name="teardown" finished-at="2024-11-08T10:36:36 IST" duration-ms="644" status="PASS">
          <reporter-output>
          </reporter-output>
        </test-method> <!-- teardown -->
      </class> <!-- testpkg.Pinteresttest -->
    </test> <!-- Default test -->
  </suite> <!-- Default suite -->
</testng-results>
